******************** Stress Settings ********************
Command:
  Type: read
  Count: 10,000
  No Warmup: false
  Consistency Level: LOCAL_ONE
  Target Uncertainty: not applicable
  Key Size (bytes): 10
  Counter Increment Distibution: add=fixed(1)
Rate:
  Auto: false
  Thread Count: 1000
  OpsPer Sec: 0
Population:
  Distribution: Gaussian:  min=1,max=10000,mean=5000.500000,stdev=1666.500000
  Order: ARBITRARY
  Wrap: false
Insert:
  Revisits: Uniform:  min=1,max=1000000
  Visits: Fixed:  key=1
  Row Population Ratio: Ratio: divisor=1.000000;delegate=Fixed:  key=1
  Batch Type: not batching
Columns:
  Max Columns Per Key: 5
  Column Names: [C0, C1, C2, C3, C4]
  Comparator: AsciiType
  Timestamp: null
  Variable Column Count: false
  Slice: false
  Size Distribution: Fixed:  key=34
  Count Distribution: Fixed:  key=5
Errors:
  Ignore: false
  Tries: 10
Log:
  No Summary: false
  No Settings: false
  File: read_10000n_1000t.log
  Interval Millis: 1000
  Level: NORMAL
Mode:
  API: JAVA_DRIVER_NATIVE
  Connection Style: CQL_PREPARED
  CQL Version: CQL3
  Protocol Version: V5
  Username: null
  Password: null
  Auth Provide Class: null
  Max Pending Per Connection: 128
  Connections Per Host: 8
  Compression: NONE
Node:
  Nodes: [192.168.56.101]
  Is White List: false
  Datacenter: null
Schema:
  Keyspace: keyspace1
  Replication Strategy: org.apache.cassandra.locator.SimpleStrategy
  Replication Strategy Options: {replication_factor=1}
  Table Compression: null
  Table Compaction Strategy: null
  Table Compaction Strategy Options: {}
Transport:
  truststore=null; truststore-password=null; keystore=null; keystore-password=null; ssl-protocol=TLS; ssl-alg=null; ssl-ciphers=TLS_RSA_WITH_AES_128_CBC_SHA,TLS_RSA_WITH_AES_256_CBC_SHA; 
Port:
  Native Port: 9042
  JMX Port: 7199
Send To Daemon:
  *not set*
Graph:
  File: null
  Revision: unknown
  Title: null
  Operation: READ
TokenRange:
  Wrap: false
  Split Factor: 1

Sleeping 2s...
Warming up READ with 2500 iterations...
Running READ with 1000 threads for 10000 iteration
type                                               total ops,    op/s,    pk/s,   row/s,    mean,     med,     .95,     .99,    .999,     max,   time,   stderr, errors,  gc: #,  max ms,  sum ms,  sdv ms,      mb
total,                                                   414,     414,     414,     414,   283.9,   276.8,   477.1,   528.2,   585.1,   585.1,    1.0,  0.00000,      0,      0,       0,       0,       0,       0
total,                                                  1165,     751,     751,     751,   563.5,   567.8,   914.9,  1032.3,  1096.8,  1154.5,    2.0, -1.07236,      0,      0,       0,       0,       0,       0
total,                                                  2927,    1762,    1762,    1762,   772.5,   841.0,  1334.8,  1468.0,  1638.9,  1647.3,    3.0, -0.63670,      0,      0,       0,       0,       0,       0
total,                                                  6003,    3076,    3076,    3076,   334.1,   307.2,   660.1,   803.2,   915.4,   940.6,    4.0,  1.03851,      0,      0,       0,       0,       0,       0
total,                                                  8838,    2835,    2835,    2835,   331.7,   326.9,   635.4,   836.2,  1093.7,  1137.7,    5.0,  2.23288,      0,      0,       0,       0,       0,       0
total,                                                 10000,    2914,    2914,    2914,   395.2,   352.6,   779.1,   849.9,   951.6,   963.6,    5.4,  2.45309,      0,      0,       0,       0,       0,       0


Results:
Op rate                   :    1,852 op/s  [READ: 1,852 op/s]
Partition rate            :    1,852 pk/s  [READ: 1,852 pk/s]
Row rate                  :    1,852 row/s [READ: 1,852 row/s]
Latency mean              :  432.9 ms [READ: 432.9 ms]
Latency median            :  353.4 ms [READ: 353.4 ms]
Latency 95th percentile   : 1116.7 ms [READ: 1,116.7 ms]
Latency 99th percentile   : 1330.6 ms [READ: 1,330.6 ms]
Latency 99.9th percentile : 1557.1 ms [READ: 1,557.1 ms]
Latency max               : 1647.3 ms [READ: 1,647.3 ms]
Total partitions          :     10,000 [READ: 10,000]
Total errors              :          0 [READ: 0]
Total GC count            : 0
Total GC memory           : 0.000 KiB
Total GC time             :    0.0 seconds
Avg GC time               :    NaN ms
StdDev GC time            :    0.0 ms
Total operation time      : 00:00:05

END
