******************** Stress Settings ********************
Command:
  Type: read
  Count: 10,000
  No Warmup: false
  Consistency Level: LOCAL_ONE
  Target Uncertainty: not applicable
  Key Size (bytes): 10
  Counter Increment Distibution: add=fixed(1)
Rate:
  Auto: false
  Thread Count: 50
  OpsPer Sec: 0
Population:
  Distribution: Gaussian:  min=1,max=10000,mean=5000.500000,stdev=1666.500000
  Order: ARBITRARY
  Wrap: false
Insert:
  Revisits: Uniform:  min=1,max=1000000
  Visits: Fixed:  key=1
  Row Population Ratio: Ratio: divisor=1.000000;delegate=Fixed:  key=1
  Batch Type: not batching
Columns:
  Max Columns Per Key: 5
  Column Names: [C0, C1, C2, C3, C4]
  Comparator: AsciiType
  Timestamp: null
  Variable Column Count: false
  Slice: false
  Size Distribution: Fixed:  key=34
  Count Distribution: Fixed:  key=5
Errors:
  Ignore: false
  Tries: 10
Log:
  No Summary: false
  No Settings: false
  File: read_10000n_50t.log
  Interval Millis: 1000
  Level: NORMAL
Mode:
  API: JAVA_DRIVER_NATIVE
  Connection Style: CQL_PREPARED
  CQL Version: CQL3
  Protocol Version: V5
  Username: null
  Password: null
  Auth Provide Class: null
  Max Pending Per Connection: 128
  Connections Per Host: 8
  Compression: NONE
Node:
  Nodes: [192.168.56.101]
  Is White List: false
  Datacenter: null
Schema:
  Keyspace: keyspace1
  Replication Strategy: org.apache.cassandra.locator.SimpleStrategy
  Replication Strategy Options: {replication_factor=1}
  Table Compression: null
  Table Compaction Strategy: null
  Table Compaction Strategy Options: {}
Transport:
  truststore=null; truststore-password=null; keystore=null; keystore-password=null; ssl-protocol=TLS; ssl-alg=null; ssl-ciphers=TLS_RSA_WITH_AES_128_CBC_SHA,TLS_RSA_WITH_AES_256_CBC_SHA; 
Port:
  Native Port: 9042
  JMX Port: 7199
Send To Daemon:
  *not set*
Graph:
  File: null
  Revision: unknown
  Title: null
  Operation: READ
TokenRange:
  Wrap: false
  Split Factor: 1

Sleeping 2s...
Warming up READ with 2500 iterations...
Running READ with 50 threads for 10000 iteration
type                                               total ops,    op/s,    pk/s,   row/s,    mean,     med,     .95,     .99,    .999,     max,   time,   stderr, errors,  gc: #,  max ms,  sum ms,  sdv ms,      mb
total,                                                   545,     545,     545,     545,    63.7,    54.3,   143.8,   222.3,   271.8,   299.4,    1.0,  0.00000,      0,      0,       0,       0,       0,       0
total,                                                  1625,    1080,    1080,    1080,    46.1,    40.8,   105.8,   144.4,   167.4,   169.5,    2.0,  0.17778,      0,      0,       0,       0,       0,       0
total,                                                  2808,    1183,    1183,    1183,    41.2,    35.5,    95.1,   118.6,   147.2,   162.7,    3.0,  0.13726,      0,      0,       0,       0,       0,       0
total,                                                  3954,    1146,    1146,    1146,    43.3,    36.5,    99.1,   135.1,   160.7,   162.5,    4.0,  0.10514,      0,      0,       0,       0,       0,       0
total,                                                  5320,    1366,    1366,    1366,    37.3,    29.9,    90.0,   122.6,   163.3,   169.3,    5.0,  0.09829,      0,      0,       0,       0,       0,       0
total,                                                  6664,    1344,    1344,    1344,    36.9,    31.3,    81.2,   118.4,   209.7,   209.7,    6.0,  0.08973,      0,      0,       0,       0,       0,       0
total,                                                  8083,    1419,    1419,    1419,    35.4,    31.1,    76.5,   119.3,   156.8,   176.2,    7.0,  0.08121,      0,      0,       0,       0,       0,       0
total,                                                  9399,    1316,    1316,    1316,    37.0,    32.4,    83.2,   109.4,   139.5,   149.0,    8.0,  0.07104,      0,      0,       0,       0,       0,       0
total,                                                 10000,    1288,    1288,    1288,    40.0,    27.9,   102.9,   149.3,   189.0,   196.1,    8.5,  0.08055,      0,      0,       0,       0,       0,       0


Results:
Op rate                   :    1,181 op/s  [READ: 1,181 op/s]
Partition rate            :    1,181 pk/s  [READ: 1,181 pk/s]
Row rate                  :    1,181 row/s [READ: 1,181 row/s]
Latency mean              :   40.6 ms [READ: 40.6 ms]
Latency median            :   34.2 ms [READ: 34.2 ms]
Latency 95th percentile   :   95.9 ms [READ: 95.9 ms]
Latency 99th percentile   :  135.0 ms [READ: 135.0 ms]
Latency 99.9th percentile :  202.8 ms [READ: 202.8 ms]
Latency max               :  299.4 ms [READ: 299.4 ms]
Total partitions          :     10,000 [READ: 10,000]
Total errors              :          0 [READ: 0]
Total GC count            : 0
Total GC memory           : 0.000 KiB
Total GC time             :    0.0 seconds
Avg GC time               :    NaN ms
StdDev GC time            :    0.0 ms
Total operation time      : 00:00:08

END
