******************** Stress Settings ********************
Command:
  Type: write
  Count: 10,000
  No Warmup: false
  Consistency Level: LOCAL_ONE
  Target Uncertainty: not applicable
  Key Size (bytes): 10
  Counter Increment Distibution: add=fixed(1)
Rate:
  Auto: false
  Thread Count: 1
  OpsPer Sec: 0
Population:
  Sequence: 1..10000
  Order: ARBITRARY
  Wrap: true
Insert:
  Revisits: Uniform:  min=1,max=1000000
  Visits: Fixed:  key=1
  Row Population Ratio: Ratio: divisor=1.000000;delegate=Fixed:  key=1
  Batch Type: not batching
Columns:
  Max Columns Per Key: 5
  Column Names: [C0, C1, C2, C3, C4]
  Comparator: AsciiType
  Timestamp: null
  Variable Column Count: false
  Slice: false
  Size Distribution: Fixed:  key=34
  Count Distribution: Fixed:  key=5
Errors:
  Ignore: false
  Tries: 10
Log:
  No Summary: false
  No Settings: false
  File: write_10000n_1t.log
  Interval Millis: 1000
  Level: NORMAL
Mode:
  API: JAVA_DRIVER_NATIVE
  Connection Style: CQL_PREPARED
  CQL Version: CQL3
  Protocol Version: V5
  Username: null
  Password: null
  Auth Provide Class: null
  Max Pending Per Connection: 128
  Connections Per Host: 8
  Compression: NONE
Node:
  Nodes: [192.168.56.101]
  Is White List: false
  Datacenter: null
Schema:
  Keyspace: keyspace1
  Replication Strategy: org.apache.cassandra.locator.SimpleStrategy
  Replication Strategy Options: {replication_factor=1}
  Table Compression: null
  Table Compaction Strategy: null
  Table Compaction Strategy Options: {}
Transport:
  truststore=null; truststore-password=null; keystore=null; keystore-password=null; ssl-protocol=TLS; ssl-alg=null; ssl-ciphers=TLS_RSA_WITH_AES_128_CBC_SHA,TLS_RSA_WITH_AES_256_CBC_SHA; 
Port:
  Native Port: 9042
  JMX Port: 7199
Send To Daemon:
  *not set*
Graph:
  File: null
  Revision: unknown
  Title: null
  Operation: WRITE
TokenRange:
  Wrap: false
  Split Factor: 1

Sleeping 2s...
Warming up WRITE with 2500 iterations...
Running WRITE with 1 threads for 10000 iteration
type                                               total ops,    op/s,    pk/s,   row/s,    mean,     med,     .95,     .99,    .999,     max,   time,   stderr, errors,  gc: #,  max ms,  sum ms,  sdv ms,      mb
total,                                                   166,     166,     166,     166,     4.0,     3.6,     7.6,    12.2,    14.4,    14.4,    1.0,  0.00000,      0,      0,       0,       0,       0,       0
total,                                                   372,     206,     206,     206,     4.6,     3.2,    11.4,    24.2,    99.2,    99.2,    2.0,  0.10730,      0,      0,       0,       0,       0,       0
total,                                                   595,     223,     223,     223,     4.6,     3.1,     8.0,    30.1,   158.9,   158.9,    3.0,  0.10428,      0,      0,       0,       0,       0,       0
total,                                                   812,     217,     217,     217,     4.5,     2.9,     7.5,    63.8,   107.3,   107.3,    4.0,  0.07921,      0,      0,       0,       0,       0,       0
total,                                                   956,     144,     144,     144,     6.8,     4.6,    16.5,    68.8,   126.0,   126.0,    5.0,  0.08450,      0,      0,       0,       0,       0,       0
total,                                                  1222,     266,     266,     266,     3.7,     3.4,     6.3,    12.4,    26.2,    26.2,    6.0,  0.07841,      0,      0,       0,       0,       0,       0
total,                                                  1397,     175,     175,     175,     5.6,     3.6,     5.8,    10.3,   330.8,   330.8,    7.0,  0.06913,      0,      0,       0,       0,       0,       0
total,                                                  1699,     302,     302,     302,     3.3,     2.8,     6.6,    12.6,    20.8,    20.8,    8.0,  0.06971,      0,      0,       0,       0,       0,       0
total,                                                  1963,     264,     264,     264,     3.7,     3.0,     5.8,    16.9,    72.5,    72.5,    9.0,  0.06375,      0,      0,       0,       0,       0,       0
total,                                                  2298,     335,     335,     335,     2.9,     2.6,     4.9,     6.5,    49.3,    49.3,   10.0,  0.06810,      0,      0,       0,       0,       0,       0
total,                                                  2636,     338,     338,     338,     2.9,     2.7,     4.2,     7.3,    15.1,    15.1,   11.0,  0.06668,      0,      0,       0,       0,       0,       0
total,                                                  2867,     231,     231,     231,     4.3,     2.5,     6.5,    26.0,   268.2,   268.2,   12.0,  0.06214,      0,      0,       0,       0,       0,       0
total,                                                  3177,     310,     310,     310,     3.2,     2.9,     5.4,    11.2,    30.9,    30.9,   13.0,  0.05828,      0,      0,       0,       0,       0,       0
total,                                                  3500,     323,     323,     323,     3.0,     2.8,     5.0,     8.1,    14.0,    14.0,   14.0,  0.05515,      0,      0,       0,       0,       0,       0
total,                                                  3608,     108,     108,     108,     8.8,     3.7,     8.9,   161.0,   163.3,   163.3,   15.0,  0.06408,      0,      0,       0,       0,       0,       0
total,                                                  3868,     260,     260,     260,     3.9,     3.0,     6.0,    10.1,   151.1,   151.1,   16.0,  0.06021,      0,      0,       0,       0,       0,       0
total,                                                  4031,     163,     163,     163,     6.0,     3.5,     9.3,    32.1,   174.5,   174.5,   17.0,  0.05956,      0,      0,       0,       0,       0,       0
total,                                                  4242,     211,     211,     211,     4.7,     3.1,     8.2,    67.8,    95.9,    95.9,   18.0,  0.05697,      0,      0,       0,       0,       0,       0
total,                                                  4620,     378,     378,     378,     2.6,     2.3,     4.4,     6.0,    41.3,    41.3,   19.0,  0.05826,      0,      0,       0,       0,       0,       0
total,                                                  4928,     308,     308,     308,     3.0,     2.5,     5.0,     9.5,    41.1,    41.1,   20.0,  0.05560,      0,      0,       0,       0,       0,       0
total,                                                  5152,     224,     224,     224,     4.6,     2.9,     7.7,    18.1,   147.5,   147.5,   21.0,  0.05306,      0,      0,       0,       0,       0,       0
total,                                                  5382,     230,     230,     230,     4.3,     3.2,     6.7,    18.0,   136.4,   136.4,   22.0,  0.05070,      0,      0,       0,       0,       0,       0
total,                                                  5806,     424,     424,     424,     2.3,     2.2,     3.9,     6.2,    11.0,    11.0,   23.0,  0.05308,      0,      0,       0,       0,       0,       0
total,                                                  6176,     370,     370,     370,     2.7,     2.1,     3.5,     4.6,   214.6,   214.6,   24.0,  0.05658,      0,      0,       0,       0,       0,       0
total,                                                  6330,     154,     154,     154,     6.1,     2.0,     4.8,    39.6,   493.9,   493.9,   25.0,  0.05423,      0,      0,       0,       0,       0,       0
total,                                                  6347,      17,      17,      17,    61.8,     4.1,    11.2,   980.4,   980.4,   980.4,   26.0,  0.08583,      0,      0,       0,       0,       0,       0
total,                                                  6611,     264,     264,     264,     3.6,     3.1,     5.7,    18.2,    48.9,    48.9,   27.0,  0.08305,      0,      0,       0,       0,       0,       0
total,                                                  6781,     170,     170,     170,     6.0,     2.8,    11.3,    50.5,   272.1,   272.1,   28.0,  0.08124,      0,      0,       0,       0,       0,       0
total,                                                  7140,     359,     359,     359,     2.7,     2.6,     4.6,     5.9,     7.8,     7.8,   29.0,  0.07819,      0,      0,       0,       0,       0,       0
total,                                                  7346,     206,     206,     206,     4.8,     3.1,     8.5,    26.1,   168.7,   168.7,   30.0,  0.07634,      0,      0,       0,       0,       0,       0
total,                                                  7683,     337,     337,     337,     2.9,     2.7,     4.8,    10.2,    24.9,    24.9,   31.0,  0.07368,      0,      0,       0,       0,       0,       0
total,                                                  8028,     345,     345,     345,     2.9,     2.6,     5.6,     8.8,    29.3,    29.3,   32.0,  0.07119,      0,      0,       0,       0,       0,       0
total,                                                  8402,     374,     374,     374,     2.6,     2.5,     4.9,     6.6,    27.1,    27.1,   33.0,  0.06891,      0,      0,       0,       0,       0,       0
total,                                                  8783,     381,     381,     381,     2.6,     2.0,     4.1,     9.0,    79.5,    79.5,   34.0,  0.06692,      0,      0,       0,       0,       0,       0
total,                                                  9066,     283,     283,     283,     3.5,     2.9,     5.2,    13.1,    95.2,    95.2,   35.0,  0.06502,      0,      0,       0,       0,       0,       0
total,                                                  9410,     344,     344,     344,     2.9,     2.6,     4.6,     5.7,    24.6,    24.6,   36.0,  0.06308,      0,      0,       0,       0,       0,       0
total,                                                  9765,     355,     355,     355,     2.8,     2.6,     4.5,    12.9,    22.4,    22.4,   37.0,  0.06126,      0,      0,       0,       0,       0,       0
total,                                                  9979,     214,     214,     214,     4.6,     3.0,     5.7,    42.8,   182.2,   182.2,   38.0,  0.06009,      0,      0,       0,       0,       0,       0
total,                                                 10000,     318,     318,     318,     3.0,     2.6,     5.3,     6.7,     6.7,     6.7,   38.1,  0.05844,      0,      0,       0,       0,       0,       0


Results:
Op rate                   :      263 op/s  [WRITE: 263 op/s]
Partition rate            :      263 pk/s  [WRITE: 263 pk/s]
Row rate                  :      263 row/s [WRITE: 263 row/s]
Latency mean              :    3.7 ms [WRITE: 3.7 ms]
Latency median            :    2.7 ms [WRITE: 2.7 ms]
Latency 95th percentile   :    5.9 ms [WRITE: 5.9 ms]
Latency 99th percentile   :   15.8 ms [WRITE: 15.8 ms]
Latency 99.9th percentile :  161.0 ms [WRITE: 161.0 ms]
Latency max               :  980.4 ms [WRITE: 980.4 ms]
Total partitions          :     10,000 [WRITE: 10,000]
Total errors              :          0 [WRITE: 0]
Total GC count            : 0
Total GC memory           : 0.000 KiB
Total GC time             :    0.0 seconds
Avg GC time               :    NaN ms
StdDev GC time            :    0.0 ms
Total operation time      : 00:00:38

END
