******************** Stress Settings ********************
Command:
  Type: write
  Count: 10,000
  No Warmup: false
  Consistency Level: LOCAL_ONE
  Target Uncertainty: not applicable
  Key Size (bytes): 10
  Counter Increment Distibution: add=fixed(1)
Rate:
  Auto: false
  Thread Count: 100
  OpsPer Sec: 0
Population:
  Sequence: 1..10000
  Order: ARBITRARY
  Wrap: true
Insert:
  Revisits: Uniform:  min=1,max=1000000
  Visits: Fixed:  key=1
  Row Population Ratio: Ratio: divisor=1.000000;delegate=Fixed:  key=1
  Batch Type: not batching
Columns:
  Max Columns Per Key: 5
  Column Names: [C0, C1, C2, C3, C4]
  Comparator: AsciiType
  Timestamp: null
  Variable Column Count: false
  Slice: false
  Size Distribution: Fixed:  key=34
  Count Distribution: Fixed:  key=5
Errors:
  Ignore: false
  Tries: 10
Log:
  No Summary: false
  No Settings: false
  File: write_10000n_100t.log
  Interval Millis: 1000
  Level: NORMAL
Mode:
  API: JAVA_DRIVER_NATIVE
  Connection Style: CQL_PREPARED
  CQL Version: CQL3
  Protocol Version: V5
  Username: null
  Password: null
  Auth Provide Class: null
  Max Pending Per Connection: 128
  Connections Per Host: 8
  Compression: NONE
Node:
  Nodes: [192.168.56.101]
  Is White List: false
  Datacenter: null
Schema:
  Keyspace: keyspace1
  Replication Strategy: org.apache.cassandra.locator.SimpleStrategy
  Replication Strategy Options: {replication_factor=1}
  Table Compression: null
  Table Compaction Strategy: null
  Table Compaction Strategy Options: {}
Transport:
  truststore=null; truststore-password=null; keystore=null; keystore-password=null; ssl-protocol=TLS; ssl-alg=null; ssl-ciphers=TLS_RSA_WITH_AES_128_CBC_SHA,TLS_RSA_WITH_AES_256_CBC_SHA; 
Port:
  Native Port: 9042
  JMX Port: 7199
Send To Daemon:
  *not set*
Graph:
  File: null
  Revision: unknown
  Title: null
  Operation: WRITE
TokenRange:
  Wrap: false
  Split Factor: 1

Sleeping 2s...
Warming up WRITE with 2500 iterations...
Running WRITE with 100 threads for 10000 iteration
type                                               total ops,    op/s,    pk/s,   row/s,    mean,     med,     .95,     .99,    .999,     max,   time,   stderr, errors,  gc: #,  max ms,  sum ms,  sdv ms,      mb
total,                                                   483,     483,     483,     483,    83.1,    76.2,   164.2,   181.9,   189.3,   189.3,    1.0,  0.00000,      0,      0,       0,       0,       0,       0
total,                                                  1928,    1445,    1445,    1445,    71.3,    52.1,   177.5,   230.2,   335.5,   339.7,    2.0,  0.40451,      0,      0,       0,       0,       0,       0
total,                                                  3338,    1410,    1410,    1410,    70.9,    59.7,   161.7,   211.7,   308.5,   331.4,    3.0,  0.25938,      0,      0,       0,       0,       0,       0
total,                                                  4996,    1658,    1658,    1658,    61.6,    51.2,   148.1,   197.0,   216.3,   240.3,    4.0,  0.19165,      0,      0,       0,       0,       0,       0
total,                                                  6836,    1840,    1840,    1840,    53.1,    49.1,   102.2,   151.1,   185.6,   186.1,    5.0,  0.15270,      0,      0,       0,       0,       0,       0
total,                                                  8862,    2026,    2026,    2026,    49.2,    38.7,   115.9,   143.3,   189.9,   192.4,    6.0,  0.13012,      0,      0,       0,       0,       0,       0
total,                                                 10000,    1649,    1649,    1649,    57.7,    46.4,   137.2,   199.0,   247.1,   254.4,    6.7,  0.11414,      0,      0,       0,       0,       0,       0


Results:
Op rate                   :    1,495 op/s  [WRITE: 1,495 op/s]
Partition rate            :    1,495 pk/s  [WRITE: 1,495 pk/s]
Row rate                  :    1,495 row/s [WRITE: 1,495 row/s]
Latency mean              :   60.8 ms [WRITE: 60.8 ms]
Latency median            :   50.2 ms [WRITE: 50.2 ms]
Latency 95th percentile   :  143.4 ms [WRITE: 143.4 ms]
Latency 99th percentile   :  197.0 ms [WRITE: 197.0 ms]
Latency 99.9th percentile :  288.6 ms [WRITE: 288.6 ms]
Latency max               :  339.7 ms [WRITE: 339.7 ms]
Total partitions          :     10,000 [WRITE: 10,000]
Total errors              :          0 [WRITE: 0]
Total GC count            : 0
Total GC memory           : 0.000 KiB
Total GC time             :    0.0 seconds
Avg GC time               :    NaN ms
StdDev GC time            :    0.0 ms
Total operation time      : 00:00:06

END
